<?xml version="1.0" encoding="UTF-8"?>
<!-- Generated by org.testng.reporters.JUnitReportReporter -->
<testsuite skipped="0" hostname="LAPTOP-5MO5OC97" name="a1_googleTest.A1_GoogleTest" tests="1" failures="0" timestamp="2023-05-16T11:43:14 IST" time="15.871" errors="0">
  <testcase name="validateGoogle" time="15.871" classname="a1_googleTest.A1_GoogleTest"/>
  <system-out/>
</testsuite> <!-- a1_googleTest.A1_GoogleTest -->
