<?xml version="1.0" encoding="UTF-8"?>
<!-- Generated by org.testng.reporters.JUnitReportReporter -->
<testsuite skipped="0" hostname="LAPTOP-5MO5OC97" name="a2_bingTest.A2_BingTest" tests="1" failures="0" timestamp="2023-05-16T11:43:14 IST" time="10.605" errors="0">
  <testcase name="validateBing" time="10.605" classname="a2_bingTest.A2_BingTest"/>
  <system-out/>
</testsuite> <!-- a2_bingTest.A2_BingTest -->
