<?xml version="1.0" encoding="UTF-8"?>
<!-- Generated by org.testng.reporters.JUnitReportReporter -->
<testsuite hostname="LAPTOP-5MO5OC97" failures="0" tests="1" name="a2_bingTest.A2_BingTest" time="20.716" errors="0" timestamp="2023-05-16T11:51:33 IST" skipped="0">
  <testcase classname="a2_bingTest.A2_BingTest" name="validateBing" time="20.716"/>
  <system-out/>
</testsuite> <!-- a2_bingTest.A2_BingTest -->
