<?xml version="1.0" encoding="UTF-8"?>
<!-- Generated by org.testng.reporters.JUnitReportReporter -->
<testsuite hostname="LAPTOP-5MO5OC97" failures="0" tests="1" name="a1_googleTest.A1_GoogleTest" time="19.824" errors="0" timestamp="2023-05-16T11:51:34 IST" skipped="0">
  <testcase classname="a1_googleTest.A1_GoogleTest" name="validateGoogle" time="19.824"/>
  <system-out/>
</testsuite> <!-- a1_googleTest.A1_GoogleTest -->
